
#===================================================================================#
#=========================== Running Accelergy =====================================#
#===================================================================================#

Info: architecture related info found in arch/gpu.arch.yaml 
Warn: File contains unrecognized information: constraints/cnn-layer-gpu.constraints.yaml mapspace_constraints 
 Accelergy only recognizes the following keys 
['architecture', 'compound_components', 'action_counts', 'ERT', 'flattened_architecture']

Warn: File contains unrecognized information: mapper/mapper.yaml mapper 
 Accelergy only recognizes the following keys 
['architecture', 'compound_components', 'action_counts', 'ERT', 'flattened_architecture']

Warn: File contains unrecognized information: prob/cnn-layer.prob_conv1.yaml problem 
 Accelergy only recognizes the following keys 
['architecture', 'compound_components', 'action_counts', 'ERT', 'flattened_architecture']

Info: Summary of collected inputs:
   Architecture description found: True 
   Compound component description found: False 
   Action counts found: False
   ERT found: False 
   Flattened architecture found: False 
Info: Accelergy found ARCHITECTURE and COMPOUND COMPONENT but NO ERT or ACTION COUNTS  
---------->  PERFORM ERT GENERATION 

=========================================
Generating energy reference tables
=========================================
Info: config file located: /home/ajis01/.config/accelergy/accelergy_config.yaml 
config file content: 
 {'estimator_plug_ins': ['/home/ajis01/.local/share/accelergy/estimation_plug_ins'], 'primitive_components': ['/home/ajis01/.local/share/accelergy/primitive_component_libs'], 'version': 0.2}
Info: ERT_generator... No compound component description is provided. 
Architecture Descriptio must be in terms of primitive components 
Info: primitive component file parsed:  /home/ajis01/.local/share/accelergy/primitive_component_libs/primitive_component.lib.yaml 
Info: architecture description file version: 0.2, checking syntax... 
Info: estimator plug-in identified by:  /home/ajis01/.local/share/accelergy/estimation_plug_ins/accelergy-aladdin-plug-in/aladdin.estimator.yaml 
Info: estimator plug-in identified by:  /home/ajis01/.local/share/accelergy/estimation_plug_ins/dummy_tables/dummy.estimator.yaml 
Info: estimator plug-in identified by:  /home/ajis01/.local/share/accelergy/estimation_plug_ins/accelergy-cacti-plug-in/cacti.estimator.yaml 
Info: System.V100.SM.RegisterFile[0]  ---> Generating new ERT 
Info: System.V100.SM.RegisterFile[0]  ---> New ERT generated 
Info: System.V100.SM.SharedMemPsum[0]  ---> Generating new ERT 
Info: System.V100.SM.SharedMemPsum[0]  ---> New ERT generated 
Info: System.V100.SM.SharedMemWeight[0]  ---> Generating new ERT 
Info: System.V100.SM.SharedMemWeight[0]  ---> New ERT generated 
Info: System.V100.SM.SharedMemInput[0]  ---> Generating new ERT 
Info: System.V100.SM.SharedMemInput[0]  ---> New ERT generated 
Info: System.V100.SM.FP32cores[0]  ---> Generating new ERT 
Info: System.V100.SM.FP32cores[0]  ---> New ERT generated 
Info: System.V100.Texture[0]  ---> Generating new ERT 
Info: System.V100.Texture[0]  ---> New ERT generated 
Info: System.V100.L2  ---> Generating new ERT 
Info: System.V100.L2  ---> New ERT generated 
Info: System.DRAM  ---> Generating new ERT 
Info: System.DRAM  ---> New ERT generated 
Info: ERT summary saved to  .//ERT_summary.yaml 
---> Finished: ERT generation finished, ERT saved to:
 /home/ajis01/scratch/CS259/mini2/timeloop-accelergy-tutorial/timeloop-accelergy-tutorial/src/timeloop-accelergy-exercises/exercises/timeloop/convolution_gpu
